<?xml version="1.0" encoding="UTF-8"?>
<!-- Generated by org.testng.reporters.JUnitReportReporter -->
<testsuite skipped="0" hostname="IN-kpraveek-1" name="com.employeeapi.testCases.TC002_Get_Single_Employee" tests="7" failures="0" timestamp="14 Dec 2019 07:28:28 GMT" time="0.016" errors="0">
  <testcase name="checkResponseTime" time="0.003" classname="com.employeeapi.testCases.TC002_Get_Single_Employee"/>
  <testcase name="checkStatusCode" time="0.001" classname="com.employeeapi.testCases.TC002_Get_Single_Employee"/>
  <testcase name="contentLength" time="0.001" classname="com.employeeapi.testCases.TC002_Get_Single_Employee"/>
  <testcase name="checkContentType" time="0.005" classname="com.employeeapi.testCases.TC002_Get_Single_Employee"/>
  <testcase name="checkResponseBody" time="0.002" classname="com.employeeapi.testCases.TC002_Get_Single_Employee"/>
  <testcase name="checkCookies" time="0.002" classname="com.employeeapi.testCases.TC002_Get_Single_Employee"/>
  <testcase name="checkStatusLine" time="0.002" classname="com.employeeapi.testCases.TC002_Get_Single_Employee"/>
</testsuite> <!-- com.employeeapi.testCases.TC002_Get_Single_Employee -->
