<?xml version="1.0" encoding="UTF-8"?>
<!-- Generated by org.testng.reporters.JUnitReportReporter -->
<testsuite skipped="0" hostname="IN-kpraveek-1" name="com.employeeapi.testCases.TC001_Get_All_Employees" tests="6" failures="0" timestamp="14 Dec 2019 07:28:28 GMT" time="0.166" errors="0">
  <testcase name="checkContentType" time="0.136" classname="com.employeeapi.testCases.TC001_Get_All_Employees"/>
  <testcase name="checkResponseTime" time="0.003" classname="com.employeeapi.testCases.TC001_Get_All_Employees"/>
  <testcase name="checkStatusCode" time="0.002" classname="com.employeeapi.testCases.TC001_Get_All_Employees"/>
  <testcase name="checkResponseBody" time="0.020" classname="com.employeeapi.testCases.TC001_Get_All_Employees"/>
  <testcase name="checkStatusLine" time="0.003" classname="com.employeeapi.testCases.TC001_Get_All_Employees"/>
  <testcase name="checkCookies" time="0.002" classname="com.employeeapi.testCases.TC001_Get_All_Employees"/>
</testsuite> <!-- com.employeeapi.testCases.TC001_Get_All_Employees -->
